<?xml version="1.0" encoding="UTF-8"?>
<!-- Generated by org.testng.reporters.JUnitReportReporter -->
<testsuite skipped="0" hostname="DESKTOP-H2IUA38" name="com.testScripts.SearchingMobile" tests="1" failures="0" timestamp="2020-09-01T22:37:54 IST" time="68.282" errors="0">
  <testcase name="tv" time="68.282" classname="com.testScripts.SearchingMobile"/>
</testsuite> <!-- com.testScripts.SearchingMobile -->
