<?xml version="1.0" encoding="UTF-8"?>
<!-- Generated by org.testng.reporters.JUnitReportReporter -->
<testsuite skipped="0" hostname="DESKTOP-H2IUA38" name="com.testScripts.SearchingTv" tests="1" failures="0" timestamp="2020-08-30T17:41:20 IST" time="58.217" errors="0">
  <testcase name="tv" time="58.217" classname="com.testScripts.SearchingTv"/>
</testsuite> <!-- com.testScripts.SearchingTv -->
